<?xml version="1.0" encoding="UTF-8"?>
<!-- Generated by org.testng.reporters.JUnitXMLReporter -->
<testsuite hostname="Akhils-Air" ignored="0" name="Test" tests="3" failures="0" timestamp="2020-06-20T14:16:16 GST" time="0.053" errors="0">
  <testcase name="deleteTwitter" time="0.007" classname="rsacademy.APITest"/>
  <testcase name="postJira" time="0.0" classname="rsacademy.APITest"/>
  <testcase name="browserAutomation" time="0.001" classname="rsacademy.seleniumTest"/>
</testsuite> <!-- Test -->
